1655853973454:list-databases
1655916562962:create-database testVirtual
1655916570155:list-databases
1656062470835:create-virtual-collection --collection stazioni --database testVirtual --urhttps://www.dati.lombardia.it/resource/ib47-atvt.json?$limit=100
1656062695048:list-databases
1656062704864:create-virtual-collection --collection stazioni --database testVirtual --url https://www.dati.lombardia.it/resource/ib47-atvt.json?$limit=100
1656062722605:create-virtual-collection --collection stazioni2 --database testVirtual --url https://www.dati.lombardia.it/resource/ib47-atvt.json?$limit=100
1656062843741:list-databases
1656062862622:list-collections --database testVirtual
1656062927322:delete-collection --collection stazioni --database testVurtual
1656063326079:delete-collection --collection stazioni --database testVirtual
1656066473982:list-databases
1656066495375:list-collections --database testVirtual
1656066567964:add-url --collection stazioni2 --database testVirtual --url https://www.dati.lombardia.it/resource/647i-nhxk.json
1656066703508:create-dynamic-collection --collection staz --database testVirtual --url https://www.dati.lombardia.it/resource/647i-nhxk.json
1656066776928:help
1656066884928:set-frequency --database testVirtual --collection staz --frequency 1h
1656066900729:set-frequency --database testVirtual --collection staz --frequency 1h --index 0
1656066912178:set-frequency --database testVirtual --collection staz --frequency 100min --index 0
1656066928698:help set-frequency
1656066968669:set-frequency --database testVirtual --collection staz --frequency 100M --index 0
1656066986098:set-frequency --database testVirtual --collection staz --frequency 100 M --index 0
1656066993029:set-frequency --database testVirtual --collection staz --frequency M100  --index 0
1656067021692:set-frequency --database testVirtual --collection staz --frequency 1h  --index 0
1656067026492:set-frequency --database testVirtual --collection staz --frequency 1H  --index 0
1656067040732:set-frequency --database testVirtual --collection staz --frequency 1M  --index 0
1656067049839:set-frequency --database testVirtual --collection staz --frequency 5D  --index 0
1656067062862:set-frequency --database testVirtual --collection staz --frequency 1D  --index 0
1656067078844:set-frequency --database testVirtual --collection staz --frequency 1H  --index 0
1656067084323:set-frequency --database testVirtual --collection staz --frequency 1h  --index 0
1656067089960:set-frequency --database testVirtual --collection staz --frequency 1D  --index 0
1656067129121:help
1656067181654:get-collection --database testVirtual --collection stazioni2
1656067193495:get-collection --database testVirtual --collection staz
1656067216266:list-collections --database testVirtual
1656067226599:get-collection --database testVirtual --collection staz
1656067248847:help
1656067276568:list-url
1656067297561:list-url --database testVirtual --collection staz
1656067304621:list-url --database testVirtual --collection stazioni2
1656078580307:list-databases
1656078608741:list-url --database testVirtual --collection stazioni2
